{"name": "test_add_list", "status": "broken", "statusDetails": {"message": "selenium.common.exceptions.TimeoutException: Message: \nStacktrace:\n\tGetHandleVerifier [0x00007FF7AACDEEA2+31554]\n\t(No symbol) [0x00007FF7AAC57ED9]\n\t(No symbol) [0x00007FF7AAB1872A]\n\t(No symbol) [0x00007FF7AAB68434]\n\t(No symbol) [0x00007FF7AAB6853C]\n\t(No symbol) [0x00007FF7AABAF6A7]\n\t(No symbol) [0x00007FF7AAB8D06F]\n\t(No symbol) [0x00007FF7AABAC977]\n\t(No symbol) [0x00007FF7AAB8CDD3]\n\t(No symbol) [0x00007FF7AAB5A33B]\n\t(No symbol) [0x00007FF7AAB5AED1]\n\tGetHandleVerifier [0x00007FF7AAFE8B1D+3217341]\n\tGetHandleVerifier [0x00007FF7AB035AE3+3532675]\n\tGetHandleVerifier [0x00007FF7AB02B0E0+3489152]\n\tGetHandleVerifier [0x00007FF7AAD8E776+750614]\n\t(No symbol) [0x00007FF7AAC6375F]\n\t(No symbol) [0x00007FF7AAC5EB14]\n\t(No symbol) [0x00007FF7AAC5ECA2]\n\t(No symbol) [0x00007FF7AAC4E16F]\n\tBaseThreadInitThunk [0x00007FFA3AF9257D+29]\n\tRtlUserThreadStart [0x00007FFA3BD0AF28+40]", "trace": "self = <test_add_list.AddList testMethod=test_add_list>\n\n    def setUp(self):\n        # Arrange\n        self.browser = BrowserWrapper()\n        self.config = ConfigProvider.load_from_file()\n        self.jira_handler = JiraHandler()\n    \n        self.driver = self.browser.get_driver(self.config['url'])\n        FirstPage(self.driver).login_button_click()\n        LoginPage(self.driver).login_flow(self.config['email'], self.config['password'])\n>       HomePage(self.driver).create_board_flow(self.config['board_title'])\n\ntest\\web\\test_add_list.py:28: \n_ _ _ _ _ _ _ _ _ _ _ _ _ _ _ _ _ _ _ _ _ _ _ _ _ _ _ _ _ _ _ _ _ _ _ _ _ _ _ _ _ _ _ _ _ _ _ _ _ _ _ _ _ _ _ _ _ _ _ _ _ _ _ _ _ _ _ _ _ _ _ \nlogic\\web\\home_page.py:61: in create_board_flow\n    self.create_board_button_click()\nlogic\\web\\home_page.py:30: in create_board_button_click\n    WebDriverWait(self._driver, 30).until(\n_ _ _ _ _ _ _ _ _ _ _ _ _ _ _ _ _ _ _ _ _ _ _ _ _ _ _ _ _ _ _ _ _ _ _ _ _ _ _ _ _ _ _ _ _ _ _ _ _ _ _ _ _ _ _ _ _ _ _ _ _ _ _ _ _ _ _ _ _ _ _ \n\nself = <selenium.webdriver.support.wait.WebDriverWait (session=\"90e522b942b35dd8ff18b58e392a38d0\")>\nmethod = <function visibility_of_element_located.<locals>._predicate at 0x000001C9D269B920>, message = ''\n\n    def until(self, method: Callable[[D], Union[Literal[False], T]], message: str = \"\") -> T:\n        \"\"\"Calls the method provided with the driver as an argument until the \\\n        return value does not evaluate to ``False``.\n    \n        :param method: callable(WebDriver)\n        :param message: optional message for :exc:`TimeoutException`\n        :returns: the result of the last call to `method`\n        :raises: :exc:`selenium.common.exceptions.TimeoutException` if timeout occurs\n        \"\"\"\n        screen = None\n        stacktrace = None\n    \n        end_time = time.monotonic() + self._timeout\n        while True:\n            try:\n                value = method(self._driver)\n                if value:\n                    return value\n            except self._ignored_exceptions as exc:\n                screen = getattr(exc, \"screen\", None)\n                stacktrace = getattr(exc, \"stacktrace\", None)\n            time.sleep(self._poll)\n            if time.monotonic() > end_time:\n                break\n>       raise TimeoutException(message, screen, stacktrace)\nE       selenium.common.exceptions.TimeoutException: Message: \nE       Stacktrace:\nE       \tGetHandleVerifier [0x00007FF7AACDEEA2+31554]\nE       \t(No symbol) [0x00007FF7AAC57ED9]\nE       \t(No symbol) [0x00007FF7AAB1872A]\nE       \t(No symbol) [0x00007FF7AAB68434]\nE       \t(No symbol) [0x00007FF7AAB6853C]\nE       \t(No symbol) [0x00007FF7AABAF6A7]\nE       \t(No symbol) [0x00007FF7AAB8D06F]\nE       \t(No symbol) [0x00007FF7AABAC977]\nE       \t(No symbol) [0x00007FF7AAB8CDD3]\nE       \t(No symbol) [0x00007FF7AAB5A33B]\nE       \t(No symbol) [0x00007FF7AAB5AED1]\nE       \tGetHandleVerifier [0x00007FF7AAFE8B1D+3217341]\nE       \tGetHandleVerifier [0x00007FF7AB035AE3+3532675]\nE       \tGetHandleVerifier [0x00007FF7AB02B0E0+3489152]\nE       \tGetHandleVerifier [0x00007FF7AAD8E776+750614]\nE       \t(No symbol) [0x00007FF7AAC6375F]\nE       \t(No symbol) [0x00007FF7AAC5EB14]\nE       \t(No symbol) [0x00007FF7AAC5ECA2]\nE       \t(No symbol) [0x00007FF7AAC4E16F]\nE       \tBaseThreadInitThunk [0x00007FFA3AF9257D+29]\nE       \tRtlUserThreadStart [0x00007FFA3BD0AF28+40]\n\n..\\pythonProject\\.venv\\Trello_Final_Project\\Lib\\site-packages\\selenium\\webdriver\\support\\wait.py:105: TimeoutException"}, "attachments": [{"name": "log", "source": "089e8e66-ff01-4a80-bf3a-9e203002afbf-attachment.txt", "type": "text/plain"}, {"name": "stdout", "source": "0f3e56d5-b546-487d-9ddb-0a6c5fea8520-attachment.txt", "type": "text/plain"}], "start": 1723156638616, "stop": 1723156679166, "uuid": "141c7561-3e44-423d-9b75-8edd04adb70d", "historyId": "a2b6c9874c3f2e154eef53b80f8a8d65", "testCaseId": "a2b6c9874c3f2e154eef53b80f8a8d65", "fullName": "test.web.test_add_list.AddList#test_add_list", "labels": [{"name": "feature", "value": "Add list to new board - test"}, {"name": "parentSuite", "value": "test.web"}, {"name": "suite", "value": "test_add_list"}, {"name": "subSuite", "value": "AddList"}, {"name": "host", "value": "DESKTOP-OPJ94K2"}, {"name": "thread", "value": "16420-MainThread"}, {"name": "framework", "value": "pytest"}, {"name": "language", "value": "cpython3"}, {"name": "package", "value": "test.web.test_add_list"}]}