{"name": "test_add_list", "status": "broken", "statusDetails": {"message": "selenium.common.exceptions.TimeoutException: Message: \nStacktrace:\n\tGetHandleVerifier [0x00007FF7FE25EEA2+31554]\n\t(No symbol) [0x00007FF7FE1D7ED9]\n\t(No symbol) [0x00007FF7FE09872A]\n\t(No symbol) [0x00007FF7FE0E8434]\n\t(No symbol) [0x00007FF7FE0E853C]\n\t(No symbol) [0x00007FF7FE12F6A7]\n\t(No symbol) [0x00007FF7FE10D06F]\n\t(No symbol) [0x00007FF7FE12C977]\n\t(No symbol) [0x00007FF7FE10CDD3]\n\t(No symbol) [0x00007FF7FE0DA33B]\n\t(No symbol) [0x00007FF7FE0DAED1]\n\tGetHandleVerifier [0x00007FF7FE568B1D+3217341]\n\tGetHandleVerifier [0x00007FF7FE5B5AE3+3532675]\n\tGetHandleVerifier [0x00007FF7FE5AB0E0+3489152]\n\tGetHandleVerifier [0x00007FF7FE30E776+750614]\n\t(No symbol) [0x00007FF7FE1E375F]\n\t(No symbol) [0x00007FF7FE1DEB14]\n\t(No symbol) [0x00007FF7FE1DECA2]\n\t(No symbol) [0x00007FF7FE1CE16F]\n\tBaseThreadInitThunk [0x00007FFA3AF9257D+29]\n\tRtlUserThreadStart [0x00007FFA3BD0AF28+40]", "trace": "self = <test_add_list.AddList testMethod=test_add_list>\n\n    def tearDown(self):\n        # Act\n>       self.board_page.delete_board_flow()\n\ntest\\web\\test_add_list.py:35: \n_ _ _ _ _ _ _ _ _ _ _ _ _ _ _ _ _ _ _ _ _ _ _ _ _ _ _ _ _ _ _ _ _ _ _ _ _ _ _ _ _ _ _ _ _ _ _ _ _ _ _ _ _ _ _ _ _ _ _ _ _ _ _ _ _ _ _ _ _ _ _ \nlogic\\web\\board_page.py:87: in delete_board_flow\n    self.close_board_button_click()\nlogic\\web\\board_page.py:46: in close_board_button_click\n    WebDriverWait(self._driver, 25).until(\n_ _ _ _ _ _ _ _ _ _ _ _ _ _ _ _ _ _ _ _ _ _ _ _ _ _ _ _ _ _ _ _ _ _ _ _ _ _ _ _ _ _ _ _ _ _ _ _ _ _ _ _ _ _ _ _ _ _ _ _ _ _ _ _ _ _ _ _ _ _ _ \n\nself = <selenium.webdriver.support.wait.WebDriverWait (session=\"dfceaed7ceffa18ef7b59777319ec22e\")>\nmethod = <function visibility_of_element_located.<locals>._predicate at 0x00000211AD8BC040>, message = ''\n\n    def until(self, method: Callable[[D], Union[Literal[False], T]], message: str = \"\") -> T:\n        \"\"\"Calls the method provided with the driver as an argument until the \\\n        return value does not evaluate to ``False``.\n    \n        :param method: callable(WebDriver)\n        :param message: optional message for :exc:`TimeoutException`\n        :returns: the result of the last call to `method`\n        :raises: :exc:`selenium.common.exceptions.TimeoutException` if timeout occurs\n        \"\"\"\n        screen = None\n        stacktrace = None\n    \n        end_time = time.monotonic() + self._timeout\n        while True:\n            try:\n                value = method(self._driver)\n                if value:\n                    return value\n            except self._ignored_exceptions as exc:\n                screen = getattr(exc, \"screen\", None)\n                stacktrace = getattr(exc, \"stacktrace\", None)\n            time.sleep(self._poll)\n            if time.monotonic() > end_time:\n                break\n>       raise TimeoutException(message, screen, stacktrace)\nE       selenium.common.exceptions.TimeoutException: Message: \nE       Stacktrace:\nE       \tGetHandleVerifier [0x00007FF7FE25EEA2+31554]\nE       \t(No symbol) [0x00007FF7FE1D7ED9]\nE       \t(No symbol) [0x00007FF7FE09872A]\nE       \t(No symbol) [0x00007FF7FE0E8434]\nE       \t(No symbol) [0x00007FF7FE0E853C]\nE       \t(No symbol) [0x00007FF7FE12F6A7]\nE       \t(No symbol) [0x00007FF7FE10D06F]\nE       \t(No symbol) [0x00007FF7FE12C977]\nE       \t(No symbol) [0x00007FF7FE10CDD3]\nE       \t(No symbol) [0x00007FF7FE0DA33B]\nE       \t(No symbol) [0x00007FF7FE0DAED1]\nE       \tGetHandleVerifier [0x00007FF7FE568B1D+3217341]\nE       \tGetHandleVerifier [0x00007FF7FE5B5AE3+3532675]\nE       \tGetHandleVerifier [0x00007FF7FE5AB0E0+3489152]\nE       \tGetHandleVerifier [0x00007FF7FE30E776+750614]\nE       \t(No symbol) [0x00007FF7FE1E375F]\nE       \t(No symbol) [0x00007FF7FE1DEB14]\nE       \t(No symbol) [0x00007FF7FE1DECA2]\nE       \t(No symbol) [0x00007FF7FE1CE16F]\nE       \tBaseThreadInitThunk [0x00007FFA3AF9257D+29]\nE       \tRtlUserThreadStart [0x00007FFA3BD0AF28+40]\n\n..\\pythonProject\\.venv\\Trello_Final_Project\\Lib\\site-packages\\selenium\\webdriver\\support\\wait.py:105: TimeoutException"}, "attachments": [{"name": "List Added", "source": "7cc857ac-6cad-41fc-990c-aded81f8aebe-attachment.png", "type": "image/png"}, {"name": "log", "source": "bc75a909-926a-4256-9205-dab7ca364172-attachment.txt", "type": "text/plain"}, {"name": "stdout", "source": "a2c22b33-1d48-49c0-9309-44a18f4dc9cd-attachment.txt", "type": "text/plain"}], "start": 1723202749541, "stop": 1723202796987, "uuid": "5bec0f8f-abe2-4bfe-811b-738916bb8e41", "historyId": "a2b6c9874c3f2e154eef53b80f8a8d65", "testCaseId": "a2b6c9874c3f2e154eef53b80f8a8d65", "fullName": "test.web.test_add_list.AddList#test_add_list", "labels": [{"name": "feature", "value": "Add list to new board - test"}, {"name": "parentSuite", "value": "test.web"}, {"name": "suite", "value": "test_add_list"}, {"name": "subSuite", "value": "AddList"}, {"name": "host", "value": "DESKTOP-OPJ94K2"}, {"name": "thread", "value": "24704-MainThread"}, {"name": "framework", "value": "pytest"}, {"name": "language", "value": "cpython3"}, {"name": "package", "value": "test.web.test_add_list"}]}